make all --print-data-base --no-builtin-variables --no-builtin-rules --question
# GNU Make 3.81
# Copyright (C) 2006  Free Software Foundation, Inc.
# This is free software; see the source for copying conditions.
# There is NO warranty; not even for MERCHANTABILITY or FITNESS FOR A
# PARTICULAR PURPOSE.

# This program built for i386-apple-darwin11.3.0

# Make data base, printed on Sat Jul  9 21:04:34 2022

# Variables

# automatic
<D = $(patsubst %/,%,$(dir $<))
# automatic
?F = $(notdir $?)
# environment
ELECTRON_NO_ATTACH_CONSOLE = 1
# makefile (from `Makefile', line 36)
OBJ = $(SRC:.c=.o)
# makefile (from `Makefile', line 25)
SRC = $(SRC_DIR)/so_long.c $(SRC_DIR)/so_long_map.c $(SRC_DIR)/so_long_init_game.c $(SRC_DIR)/so_long_check.c $(SRC_DIR)/so_long_close.c $(SRC_DIR)/so_long_player.c $(SRC_DIR)/so_long_img.c $(SRC_DIR)/so_long_draw.c $(SRC_DIR)/so_long_key_press.c $(SRC_DIR)/so_long_move.c 
# environment
VSCODE_LOG_NATIVE = false
# automatic
?D = $(patsubst %/,%,$(dir $?))
# automatic
@D = $(patsubst %/,%,$(dir $@))
# automatic
@F = $(notdir $@)
# makefile
CURDIR := /Users/choewonjun/Documents/coding/Github/42seoul_/so_long
# makefile
SHELL = /bin/sh
# environment
VSCODE_NLS_CONFIG = {"locale":"ko","availableLanguages":{"*":"ko"},"_languagePackId":"58a40381a39144f7263b92e8e429f874.ko","_translationsConfigFile":"/Users/choewonjun/Library/Application Support/Code/clp/58a40381a39144f7263b92e8e429f874.ko/tcf.json","_cacheRoot":"/Users/choewonjun/Library/Application Support/Code/clp/58a40381a39144f7263b92e8e429f874.ko","_resolvedLanguagePackCoreLocation":"/Users/choewonjun/Library/Application Support/Code/clp/58a40381a39144f7263b92e8e429f874.ko/899d46d82c4c95423fb7e10e68eba52050e30ba3","_corruptedFile":"/Users/choewonjun/Library/Application Support/Code/clp/58a40381a39144f7263b92e8e429f874.ko/corrupted.info","_languagePackSupport":true}
# environment
_ = /usr/bin/make
# makefile (from `Makefile', line 1)
MAKEFILE_LIST :=  Makefile
# makefile (from `Makefile', line 20)
LIB_DIR = lib/libft/
# environment
VSCODE_VERBOSE_LOGGING = true
# environment
__CFBundleIdentifier = com.microsoft.VSCode
# environment
VSCODE_IPC_HOOK_EXTHOST = /var/folders/5s/q64nlpwj7dx27pjt6h17yj6w0000gn/T/vscode-ipc-1f9934e8-add8-4aaf-bf6a-3fd45a404f28.sock
# environment
VSCODE_CWD = /Users/choewonjun/Documents/coding/Github/42seoul_/so_long
# environment
PATH = /Users/choewonjun/opt/anaconda3/bin:/Users/choewonjun/opt/anaconda3/condabin:/opt/homebrew/bin:/opt/homebrew/Cellar/mysql/8.0.27_1/bin:/usr/local/bin:/usr/bin:/bin:/usr/sbin:/sbin:/Library/Apple/usr/bin
# environment
LSCOLORS = Gxfxcxdxbxegedabagacad
# makefile (from `Makefile', line 17)
MLX_FLAG = -framework OpenGL -framework AppKit
# environment
VSCODE_LOG_STACK = false
# environment
ELECTRON_RUN_AS_NODE = 1
# default
.FEATURES := target-specific order-only second-expansion else-if archives jobserver check-symlink
# environment
SSH_AUTH_SOCK = /private/tmp/com.apple.launchd.u9LcHIWNfj/Listeners
# automatic
%F = $(notdir $%)
# environment
CONDA_EXE = /Users/choewonjun/opt/anaconda3/bin/conda
# environment
SQLITE_EXEMPT_PATH_FROM_VNODE_GUARDS = /Users/choewonjun/Library/WebKit/Databases
# environment
VSCODE_PIPE_LOGGING = true
# environment
PWD = /Users/choewonjun/Documents/coding/Github/42seoul_/so_long
# environment
ORIGINAL_XDG_CURRENT_DESKTOP = undefined
# environment
VSCODE_AMD_ENTRYPOINT = vs/workbench/services/extensions/node/extensionHostProcess
# environment
HOME = /Users/choewonjun
# default
MAKEFILEPATH = $(shell /usr/bin/xcode-select -print-path 2>/dev/null || echo /Developer)/Makefiles
# environment
VSCODE_CLI = 1
# environment
VSCODE_CODE_CACHE_PATH = /Users/choewonjun/Library/Application Support/Code/CachedData/899d46d82c4c95423fb7e10e68eba52050e30ba3
# environment
LOGNAME = choewonjun
# environment
APPLICATION_INSIGHTS_NO_DIAGNOSTIC_CHANNEL = true
# environment
CONDA_PROMPT_MODIFIER = (base) 
# environment
ZSH = /Users/choewonjun/.oh-my-zsh
# environment
VSCODE_HANDLES_UNCAUGHT_ERRORS = true
# automatic
^D = $(patsubst %/,%,$(dir $^))
# environment
CONDA_DEFAULT_ENV = base
# environment
XPC_FLAGS = 0x0
# environment
COLORTERM = truecolor
# default
MAKE = $(MAKE_COMMAND)
# environment
LC_TERMINAL = iTerm2
# environment
SHLVL = 3
# makefile (from `Makefile', line 15)
CC = gcc
# default
MAKE_VERSION := 3.81
# environment
USER = choewonjun
# makefile
.DEFAULT_GOAL := all
# makefile (from `Makefile', line 23)
INCLUDE = -I./include
# default
MAKECMDGOALS := all
# environment
TERM_SESSION_ID = w0t0p0:CA4C7B88-3839-44A5-9D77-29746AF45A0A
# makefile (from `Makefile', line 13)
NAME = so_long
# environment
LESS = -R
# automatic
%D = $(patsubst %/,%,$(dir $%))
# environment
CONDA_SHLVL = 1
# default
MAKE_COMMAND := /Library/Developer/CommandLineTools/usr/bin/make
# environment
TERM_PROGRAM = iTerm.app
# default
.VARIABLES := 
# environment
TMPDIR = /var/folders/5s/q64nlpwj7dx27pjt6h17yj6w0000gn/T/
# automatic
*F = $(notdir $*)
# environment
VSCODE_IPC_HOOK = /Users/choewonjun/Library/Application Support/Code/1.63.2-main.sock
# makefile
MAKEFLAGS = Rrqp
# environment
MFLAGS = -Rrqp
# automatic
*D = $(patsubst %/,%,$(dir $*))
# environment
TERM_PROGRAM_VERSION = 3.4.16
# environment
XPC_SERVICE_NAME = application.com.microsoft.VSCode.75324.75330.A121E7DB-E754-4962-A273-09D22C402A63
# environment
LC_TERMINAL_VERSION = 3.4.16
# automatic
+D = $(patsubst %/,%,$(dir $+))
# automatic
+F = $(notdir $+)
# environment
ITERM_SESSION_ID = w0t0p0:CA4C7B88-3839-44A5-9D77-29746AF45A0A
# makefile (from `Makefile', line 16)
FLAG = -Wall -Wextra -Werror
# environment
COLORFGBG = 7;0
# environment
__CF_USER_TEXT_ENCODING = 0x1F5:0x3:0x33
# environment
COMMAND_MODE = unix2003
# default
MAKEFILES := 
# makefile (from `Makefile', line 19)
SRC_DIR = src
# automatic
<F = $(notdir $<)
# environment
ITERM_PROFILE = Default
# environment
PAGER = less
# environment
LC_ALL = C
# environment
CONDA_PYTHON_EXE = /Users/choewonjun/opt/anaconda3/bin/python
# makefile (from `Makefile', line 22)
MLX_DIX = lib/libmlx/
# automatic
^F = $(notdir $^)
# default
SUFFIXES := 
# environment
_CE_M = 
# environment
MAKELEVEL := 0
# environment
CONDA_PREFIX = /Users/choewonjun/opt/anaconda3
# environment
TERM = xterm-256color
# environment
VSCODE_PID = 90247
# makefile (from `Makefile', line 21)
GNL_DIR = lib/libgnl/
# environment
_CE_CONDA = 
# environment
LANG = C
# variable set hash-table stats:
# Load=97/1024=9%, Rehash=0, Collisions=13/139=9%

# Pattern-specific Variable Values

# No pattern-specific variable values.

# Directories

# . (device 16777229, inode 13663470): 10 files, no impossibilities.
# src (device 16777229, inode 13663567): 6 files, no impossibilities so far.

# 16 files, no impossibilities in 2 directories.

# Implicit Rules

%.o: %.c
#  commands to execute (from `Makefile', line 50):
	$(CC) $(FLAG) $(INCLUDE) -c $< -o $@
	

# 1 implicit rules, 0 (0.0%) terminal.

# Files

# Not a target:
src/so_long_check.o:
#  Implicit rule search has not been done.
#  Modification time never checked.
#  File has not been updated.

all: so_long
#  Phony target (prerequisite of .PHONY).
#  Command-line target.
#  Implicit rule search has not been done.
#  File does not exist.
#  File has been updated.
#  Needs to be updated (-q is set).
# variable set hash-table stats:
# Load=0/32=0%, Rehash=0, Collisions=0/5=0%

.PHONY: clean fclean re all
#  Implicit rule search has not been done.
#  Modification time never checked.
#  File has not been updated.

# Not a target:
src/so_long_init_game.o:
#  Implicit rule search has not been done.
#  Modification time never checked.
#  File has not been updated.

# Not a target:
src/so_long_key_press.o:
#  Implicit rule search has not been done.
#  Modification time never checked.
#  File has not been updated.

# Not a target:
src/so_long_move.o:
#  Implicit rule search has not been done.
#  Modification time never checked.
#  File has not been updated.

# Not a target:
.SUFFIXES:
#  Implicit rule search has not been done.
#  Modification time never checked.
#  File has not been updated.

# Not a target:
Makefile:
#  Implicit rule search has been done.
#  Last modified 2022-07-06 00:03:24
#  File has been updated.
#  Successfully updated.
# variable set hash-table stats:
 
# Load=0/32=0%, Rehash=0, Collisions=0/0=0%

fclean: clean
#  Phony target (prerequisite of .PHONY).
#  Implicit rule search has not been done.
#  File does not exist.
#  File has not been updated.
#  commands to execute (from `Makefile', line 59):
	$(MAKE) -C $(LIB_DIR) fclean
	$(MAKE) -C $(GNL_DIR) fclean
	rm -f $(NAME)
	

# Not a target:
src/so_long_player.o:
#  Implicit rule search has not been done.
#  Modification time never checked.
#  File has not been updated.

src/so_long.o: src/so_long.c
#  Implicit rule search has been done.
#  Implicit/static pattern stem: `src/so_long'
#  File does not exist.
#  File has been updated.
#  Needs to be updated (-q is set).
# automatic
# @ := src/so_long.o
# automatic
# % := 
# automatic
# * := src/so_long
# automatic
# + := src/so_long.c
# automatic
# | := 
# automatic
# < := src/so_long.c
# automatic
# ^ := src/so_long.c
# automatic
# ? := src/so_long.c
# variable set hash-table stats:
# Load=8/32=25%, Rehash=0, Collisions=4/15=27%
#  commands to execute (from `Makefile', line 50):
	$(CC) $(FLAG) $(INCLUDE) -c $< -o $@
	

# Not a target:
.DEFAULT:
#  Implicit rule search has not been done.
#  Modification time never checked.
#  File has not been updated.

re: fclean all
#  Phony target (prerequisite of .PHONY).
#  Implicit rule search has not been done.
#  File does not exist.
#  File has not been updated.

clean:
#  Phony target (prerequisite of .PHONY).
#  Implicit rule search has not been done.
#  File does not exist.
#  File has not been updated.
#  commands to execute (from `Makefile', line 53):
	$(MAKE) -C $(LIB_DIR) clean
	$(MAKE) -C $(GNL_DIR) clean
	$(MAKE) -C $(MLX_DIX) clean
	rm -f $(OBJ)
	

# Not a target:
src/so_long_img.o:
#  Implicit rule search has not been done.
#  Modification time never checked.
#  File has not been updated.

# Not a target:
src/so_long_close.o:
#  Implicit rule search has not been done.
#  Modification time never checked.
#  File has not been updated.

# Not a target:
src/so_long_draw.o:
#  Implicit rule search has not been done.
#  Modification time never checked.
#  File has not been updated.

so_long: src/so_long.o src/so_long_map.o src/so_long_init_game.o src/so_long_check.o src/so_long_close.o src/so_long_player.o src/so_long_img.o src/so_long_draw.o src/so_long_key_press.o src/so_long_move.o
#  Implicit rule search has not been done.
#  File does not exist.
#  File has been updated.
#  Needs to be updated (-q is set).
# variable set hash-table stats:
# Load=0/32=0%, Rehash=0, Collisions=0/5=0%
#  commands to execute (from `Makefile', line 41):
	$(MAKE) -C $(LIB_DIR)
	$(MAKE) -C $(GNL_DIR)
	$(MAKE) -C $(MLX_DIX)
	$(CC) $(FLAG) -o $@ $^ \
	-L $(LIB_DIR) -lft \
	-L $(GNL_DIR) -lgnl \
	-L $(MLX_DIX) -lmlx $(MLX_FLAG)
	

# Not a target:
src/so_long_map.o:
#  Implicit rule search has not been done.
#  Modification time never checked.
#  File has not been updated.

# Not a target:
src/so_long.c:
#  Implicit rule search has been done.
#  Last modified 2022-07-05 23:50:39
#  File has been updated.
#  Successfully updated.
# variable set hash-table stats:
# Load=0/32=0%, Rehash=0, Collisions=0/0=0%

# files hash-table stats:
# Load=20/1024=2%, Rehash=0, Collisions=0/54=0%
# VPATH Search Paths

# No `vpath' search paths.

# No general (`VPATH' variable) search path.

# # of strings in strcache: 1
# # of strcache buffers: 1
# strcache size: total = 4096 / max = 4096 / min = 4096 / avg = 4096
# strcache free: total = 4087 / max = 4087 / min = 4087 / avg = 4087

# Finished Make data base on Sat Jul  9 21:04:34 2022

 
