make all --print-data-base --no-builtin-variables --no-builtin-rules --question
# GNU Make 3.81
# Copyright (C) 2006  Free Software Foundation, Inc.
# This is free software; see the source for copying conditions.
# There is NO warranty; not even for MERCHANTABILITY or FITNESS FOR A
# PARTICULAR PURPOSE.

# This program built for i386-apple-darwin11.3.0
 

# Make data base, printed on Wed Jun 29 16:52:16 2022

# Variables

# automatic
<D = $(patsubst %/,%,$(dir $<))
 
# automatic
?F = $(notdir $?)
# makefile (from `Makefile', line 60)
OBJ = $(SRC:.c=.o)
# makefile (from `Makefile', line 27)
SRC = $(SRC_DIR)/push_swap.c $(SRC_DIR)/push_swap_node.c $(SRC_DIR)/push_swap_stack.c $(SRC_DIR)/push_swap_a_to_b.c $(SRC_DIR)/push_swap_b_to_a.c $(SRC_DIR)/push_swap_do_op.c $(SRC_DIR)/push_swap_node.c $(SRC_DIR)/push_swap_parsing.c $(SRC_DIR)/push_swap_pivot.c $(SRC_DIR)/push_swap_sort.c $(SRC_DIR)/push_swap_sort_utile.c $(SRC_DIR)/push_swap_atoi_and_nullck.c $(SRC_DIR)/push_swap_command_add.c $(SRC_DIR)/push_swap_command_zip.c $(SRC_DIR)/push_swap_utile.c 
# environment
VSCODE_LOG_NATIVE = false
# automatic
?D = $(patsubst %/,%,$(dir $?))
# automatic
@D = $(patsubst %/,%,$(dir $@))
# automatic
@F = $(notdir $@)
# makefile
CURDIR := /Users/choewonjun/Documents/coding/Github/42seoul_/push_swap_fail
# makefile
SHELL = /bin/sh
# environment
VSCODE_NLS_CONFIG = {"locale":"ko","availableLanguages":{"*":"ko"},"_languagePackId":"58a40381a39144f7263b92e8e429f874.ko","_translationsConfigFile":"/Users/choewonjun/Library/Application Support/Code/clp/58a40381a39144f7263b92e8e429f874.ko/tcf.json","_cacheRoot":"/Users/choewonjun/Library/Application Support/Code/clp/58a40381a39144f7263b92e8e429f874.ko","_resolvedLanguagePackCoreLocation":"/Users/choewonjun/Library/Application Support/Code/clp/58a40381a39144f7263b92e8e429f874.ko/899d46d82c4c95423fb7e10e68eba52050e30ba3","_corruptedFile":"/Users/choewonjun/Library/Application Support/Code/clp/58a40381a39144f7263b92e8e429f874.ko/corrupted.info","_languagePackSupport":true}
# environment
_ = /usr/bin/make
# makefile (from `Makefile', line 1)
MAKEFILE_LIST :=  Makefile
# makefile (from `Makefile', line 20)
LIB_DIR = lib/libft/
# makefile (from `Makefile', line 61)
B_OBJ = $(B_SRC:.c=.o)
# makefile (from `Makefile', line 22)
FPT_DIR = lib/ft_printf/
# environment
VSCODE_VERBOSE_LOGGING = true
# environment
__CFBundleIdentifier = com.microsoft.VSCode
# environment
VSCODE_IPC_HOOK_EXTHOST = /var/folders/5s/q64nlpwj7dx27pjt6h17yj6w0000gn/T/vscode-ipc-b5a7a288-52aa-46cd-9589-67a20ad8e0de.sock
# environment
VSCODE_CWD = /
# environment
PATH = /Users/choewonjun/opt/anaconda3/bin:/Users/choewonjun/opt/anaconda3/condabin:/opt/homebrew/bin:/opt/homebrew/Cellar/mysql/8.0.27_1/bin:/usr/local/bin:/usr/bin:/bin:/usr/sbin:/sbin:/Library/Apple/usr/bin
# environment
LSCOLORS = Gxfxcxdxbxegedabagacad
# environment
VSCODE_LOG_STACK = false
# environment
ELECTRON_RUN_AS_NODE = 1
# default
.FEATURES := target-specific order-only second-expansion else-if archives jobserver check-symlink
# environment
SSH_AUTH_SOCK = /private/tmp/com.apple.launchd.u9LcHIWNfj/Listeners
# automatic
%F = $(notdir $%)
# environment
CONDA_EXE = /Users/choewonjun/opt/anaconda3/bin/conda
# environment
VSCODE_PIPE_LOGGING = true
# environment
PWD = /Users/choewonjun/Documents/coding/Github/42seoul_/push_swap_fail
# environment
ORIGINAL_XDG_CURRENT_DESKTOP = undefined
# makefile (from `Makefile', line 15)
B_NAME = checker
# environment
VSCODE_AMD_ENTRYPOINT = vs/workbench/services/extensions/node/extensionHostProcess
# environment
HOME = /Users/choewonjun
# default
MAKEFILEPATH = $(shell /usr/bin/xcode-select -print-path 2>/dev/null || echo /Developer)/Makefiles
# environment
VSCODE_CODE_CACHE_PATH = /Users/choewonjun/Library/Application Support/Code/CachedData/899d46d82c4c95423fb7e10e68eba52050e30ba3
# environment
LOGNAME = choewonjun
# environment
APPLICATION_INSIGHTS_NO_DIAGNOSTIC_CHANNEL = true
# environment
CONDA_PROMPT_MODIFIER = (base) 
# environment
ZSH = /Users/choewonjun/.oh-my-zsh
# environment
VSCODE_HANDLES_UNCAUGHT_ERRORS = true
# automatic
^D = $(patsubst %/,%,$(dir $^))
# environment
CONDA_DEFAULT_ENV = base
# environment
XPC_FLAGS = 0x0
# default
MAKE = $(MAKE_COMMAND)
# default
MAKECMDGOALS := all
# environment
SHLVL = 1
# makefile (from `Makefile', line 17)
CC = gcc
# default
MAKE_VERSION := 3.81
# environment
USER = choewonjun
# makefile
.DEFAULT_GOAL := all
# makefile (from `Makefile', line 25)
INCLUDE = -I./include
# makefile (from `Makefile', line 14)
NAME = push_swap
# environment
LESS = -R
# automatic
%D = $(patsubst %/,%,$(dir $%))
# environment
CONDA_SHLVL = 1
# default
MAKE_COMMAND := /Library/Developer/CommandLineTools/usr/bin/make
# default
.VARIABLES := 
# environment
TMPDIR = /var/folders/5s/q64nlpwj7dx27pjt6h17yj6w0000gn/T/
# automatic
*F = $(notdir $*)
# environment
VSCODE_IPC_HOOK = /Users/choewonjun/Library/Application Support/Code/1.63.2-main.sock
# makefile
MAKEFLAGS = Rrqp
# environment
MFLAGS = -Rrqp
# automatic
*D = $(patsubst %/,%,$(dir $*))
# environment
XPC_SERVICE_NAME = application.com.microsoft.VSCode.75324.75330
# automatic
+D = $(patsubst %/,%,$(dir $+))
# automatic
+F = $(notdir $+)
# makefile (from `Makefile', line 44)
B_SRC = $(SRC_DIR)/push_swap_checker.c $(SRC_DIR)/push_swap_node.c $(SRC_DIR)/push_swap_stack.c $(SRC_DIR)/push_swap_a_to_b.c $(SRC_DIR)/push_swap_b_to_a.c $(SRC_DIR)/push_swap_do_op.c $(SRC_DIR)/push_swap_node.c $(SRC_DIR)/push_swap_parsing.c $(SRC_DIR)/push_swap_pivot.c $(SRC_DIR)/push_swap_sort.c $(SRC_DIR)/push_swap_sort_utile.c $(SRC_DIR)/push_swap_atoi_and_nullck.c $(SRC_DIR)/push_swap_command_add.c $(SRC_DIR)/push_swap_command_zip.c $(SRC_DIR)/push_swap_utile.c 
# makefile (from `Makefile', line 18)
FLAG = 
# environment
__CF_USER_TEXT_ENCODING = 0x1F5:0x3:0x33
# environment
COMMAND_MODE = unix2003
# default
MAKEFILES := 
# makefile (from `Makefile', line 23)
SRC_DIR = src
# automatic
<F = $(notdir $<)
# environment
PAGER = less
# environment
LC_ALL = C
# environment
CONDA_PYTHON_EXE = /Users/choewonjun/opt/anaconda3/bin/python
 
# automatic
^F = $(notdir $^)
# default
SUFFIXES := 
# environment
_CE_M = 
# environment
MAKELEVEL := 0
# environment
CONDA_PREFIX = /Users/choewonjun/opt/anaconda3
# environment
VSCODE_PID = 16087
# makefile (from `Makefile', line 21)
GNL_DIR = lib/get_next_line/
# environment
_CE_CONDA = 
# environment
LANG = C
# variable set hash-table stats:
# Load=86/1024=8%, Rehash=0, Collisions=12/147=8%

# Pattern-specific Variable Values

# No pattern-specific variable values.

# Directories

# . (device 16777229, inode 13323917): 8 files, no impossibilities.
# src (device 16777229, inode 13323987): 31 files, no impossibilities so far.

# 39 files, no impossibilities in 2 directories.

# Implicit Rules

%.o: %.c
#  commands to execute (from `Makefile', line 79):
	$(CC) $(FLAG) $(INCLUDE) -c $< -o $@
	

# 1 implicit rules, 0 (0.0%) terminal.

# Files

src/push_swap_command_add.o: src/push_swap_command_add.c
#  Implicit rule search has been done.
#  Implicit/static pattern stem: `src/push_swap_command_add'
#  Last modified 2022-06-29 16:52:11
#  File has been updated.
#  Successfully updated.
# variable set hash-table stats:
# Load=0/32=0%, Rehash=0, Collisions=0/0=0%
#  commands to execute (from `Makefile', line 79):
	$(CC) $(FLAG) $(INCLUDE) -c $< -o $@
	

# Not a target:
src/push_swap_do_op.c:
#  Implicit rule search has been done.
#  Last modified 2022-06-28 22:39:03
#  File has been updated.
#  Successfully updated.
# variable set hash-table stats:
# Load=0/32=0%, Rehash=0, Collisions=0/0=0%

src/push_swap_sort.o: src/push_swap_sort.c
#  Implicit rule search has been done.
#  Implicit/static pattern stem: `src/push_swap_sort'
#  Last modified 2022-06-29 16:52:11
#  File has been updated.
#  Successfully updated.
# variable set hash-table stats:
# Load=0/32=0%, Rehash=0, Collisions=0/0=0%
#  commands to execute (from `Makefile', line 79):
	$(CC) $(FLAG) $(INCLUDE) -c $< -o $@
	

src/push_swap.o: src/push_swap.c
#  Implicit rule search has been done.
#  Implicit/static pattern stem: `src/push_swap'
#  Last modified 2022-06-29 16:52:11
#  File has been updated.
#  Successfully updated.
# variable set hash-table stats:
# Load=0/32=0%, Rehash=0, Collisions=0/0=0%
#  commands to execute (from `Makefile', line 79):
	$(CC) $(FLAG) $(INCLUDE) -c $< -o $@
	

all: push_swap
#  Phony target (prerequisite of .PHONY).
#  Command-line target.
#  Implicit rule search has not been done.
#  File does not exist.
#  File has been updated.
#  Successfully updated.
# variable set hash-table stats:
# Load=0/32=0%, Rehash=0, Collisions=0/0=0%

.PHONY: all clean fclean re bonus
#  Implicit rule search has not been done.
#  Modification time never checked.
#  File has not been updated.

src/push_swap_a_to_b.o: src/push_swap_a_to_b.c
#  Implicit rule search has been done.
#  Implicit/static pattern stem: `src/push_swap_a_to_b'
#  Last modified 2022-06-29 16:52:11
#  File has been updated.
#  Successfully updated.
# variable set hash-table stats:
# Load=0/32=0%, Rehash=0, Collisions=0/0=0%
#  commands to execute (from `Makefile', line 79):
	$(CC) $(FLAG) $(INCLUDE) -c $< -o $@
	

# Not a target:
src/push_swap_command_zip.c:
#  Implicit rule search has been done.
#  Last modified 2022-06-28 22:39:03
#  File has been updated.
#  Successfully updated.
# variable set hash-table stats:
# Load=0/32=0%, Rehash=0, Collisions=0/0=0%

src/push_swap_sort_utile.o: src/push_swap_sort_utile.c
#  Implicit rule search has been done.
#  Implicit/static pattern stem: `src/push_swap_sort_utile'
#  Last modified 2022-06-29 16:52:11
#  File has been updated.
#  Successfully updated.
# variable set hash-table stats:
# Load=0/32=0%, Rehash=0, Collisions=0/0=0%
#  commands to execute (from `Makefile', line 79):
	$(CC) $(FLAG) $(INCLUDE) -c $< -o $@
	

# Not a target:
.SUFFIXES:
#  Implicit rule search has not been done.
#  Modification time never checked.
#  File has not been updated.

src/push_swap_utile.o: src/push_swap_utile.c
#  Implicit rule search has been done.
#  Implicit/static pattern stem: `src/push_swap_utile'
#  Last modified 2022-06-29 16:52:11
#  File has been updated.
#  Successfully updated.
# variable set hash-table stats:
# Load=0/32=0%, Rehash=0, Collisions=0/0=0%
#  commands to execute (from `Makefile', line 79):
	$(CC) $(FLAG) $(INCLUDE) -c $< -o $@
	

# Not a target:
Makefile:
#  Implicit rule search has been done.
#  Last modified 2022-06-29 16:52:10
#  File has been updated.
#  Successfully updated.
# variable set hash-table stats:
# Load=0/32=0%, Rehash=0, Collisions=0/0=0%

# Not a target:
src/push_swap_parsing.c:
#  Implicit rule search has been done.
#  Last modified 2022-06-28 22:39:03
#  File has been updated.
#  Successfully updated.
# variable set hash-table stats:
# Load=0/32=0%, Rehash=0, Collisions=0/0=0%

# Not a target:
src/push_swap_node.c:
#  Implicit rule search has been done.
#  Last modified 2022-06-29 15:09:50
#  File has been updated.
#  Successfully updated.
# variable set hash-table stats:
# Load=0/32=0%, Rehash=0, Collisions=0/0=0%

# Not a target:
src/push_swap_checker.o:
#  Implicit rule search has not been done.
#  Modification time never checked.
#  File has not been updated.

# Not a target:
src/push_swap_command_add.c:
#  Implicit rule search has been done.
#  Last modified 2022-06-28 22:39:03
 
#  File has been updated.
#  Successfully updated.
# variable set hash-table stats:
# Load=0/32=0%, Rehash=0, Collisions=0/0=0%

# Not a target:
src/push_swap_sort.c:
#  Implicit rule search has been done.
#  Last modified 2022-06-28 22:39:03
#  File has been updated.
#  Successfully updated.
# variable set hash-table stats:
# Load=0/32=0%, Rehash=0, Collisions=0/0=0%

# Not a target:
src/push_swap_b_to_a.c:
#  Implicit rule search has been done.
#  Last modified 2022-06-28 22:39:03
#  File has been updated.
#  Successfully updated.
# variable set hash-table stats:
# Load=0/32=0%, Rehash=0, Collisions=0/0=0%

# Not a target:
src/push_swap.c:
#  Implicit rule search has been done.
#  Last modified 2022-06-29 16:50:36
#  File has been updated.
#  Successfully updated.
# variable set hash-table stats:
# Load=0/32=0%, Rehash=0, Collisions=0/0=0%

src/push_swap_b_to_a.o: src/push_swap_b_to_a.c
#  Implicit rule search has been done.
#  Implicit/static pattern stem: `src/push_swap_b_to_a'
#  Last modified 2022-06-29 16:52:11
#  File has been updated.
#  Successfully updated.
# variable set hash-table stats:
# Load=0/32=0%, Rehash=0, Collisions=0/0=0%
#  commands to execute (from `Makefile', line 79):
	$(CC) $(FLAG) $(INCLUDE) -c $< -o $@
	

bonus: checker
#  Phony target (prerequisite of .PHONY).
#  Implicit rule search has not been done.
#  File does not exist.
#  File has not been updated.

fclean: clean
#  Phony target (prerequisite of .PHONY).
#  Implicit rule search has not been done.
#  File does not exist.
#  File has not been updated.
#  commands to execute (from `Makefile', line 88):
	$(MAKE) -C $(LIB_DIR) fclean
	$(MAKE) -C $(GNL_DIR) fclean
	$(MAKE) -C $(FPT_DIR) fclean
	rm -f $(NAME) $(B_NAME)
	

src/push_swap_atoi_and_nullck.o: src/push_swap_atoi_and_nullck.c
#  Implicit rule search has been done.
#  Implicit/static pattern stem: `src/push_swap_atoi_and_nullck'
#  Last modified 2022-06-29 16:52:11
#  File has been updated.
#  Successfully updated.
# variable set hash-table stats:
# Load=0/32=0%, Rehash=0, Collisions=0/0=0%
#  commands to execute (from `Makefile', line 79):
	$(CC) $(FLAG) $(INCLUDE) -c $< -o $@
	

# Not a target:
src/push_swap_a_to_b.c:
#  Implicit rule search has been done.
#  Last modified 2022-06-28 22:39:03
#  File has been updated.
#  Successfully updated.
# variable set hash-table stats:
# Load=0/32=0%, Rehash=0, Collisions=0/0=0%

src/push_swap_pivot.o: src/push_swap_pivot.c
#  Implicit rule search has been done.
#  Implicit/static pattern stem: `src/push_swap_pivot'
#  Last modified 2022-06-29 16:52:11
#  File has been updated.
#  Successfully updated.
# variable set hash-table stats:
# Load=0/32=0%, Rehash=0, Collisions=0/0=0%
#  commands to execute (from `Makefile', line 79):
	$(CC) $(FLAG) $(INCLUDE) -c $< -o $@
	

# Not a target:
src/push_swap_sort_utile.c:
#  Implicit rule search has been done.
#  Last modified 2022-06-28 22:39:03
#  File has been updated.
#  Successfully updated.
# variable set hash-table stats:
# Load=0/32=0%, Rehash=0, Collisions=0/0=0%

# Not a target:
.DEFAULT:
#  Implicit rule search has not been done.
#  Modification time never checked.
#  File has not been updated.

# Not a target:
src/push_swap_utile.c:
#  Implicit rule search has been done.
#  Last modified 2022-06-29 16:52:05
#  File has been updated.
#  Successfully updated.
# variable set hash-table stats:
# Load=0/32=0%, Rehash=0, Collisions=0/0=0%

src/push_swap_stack.o: src/push_swap_stack.c
#  Implicit rule search has been done.
#  Implicit/static pattern stem: `src/push_swap_stack'
#  Last modified 2022-06-29 16:52:11
#  File has been updated.
#  Successfully updated.
# variable set hash-table stats:
# Load=0/32=0%, Rehash=0, Collisions=0/0=0%
#  commands to execute (from `Makefile', line 79):
	$(CC) $(FLAG) $(INCLUDE) -c $< -o $@
	

checker: src/push_swap_checker.o src/push_swap_node.o src/push_swap_stack.o src/push_swap_a_to_b.o src/push_swap_b_to_a.o src/push_swap_do_op.o src/push_swap_node.o src/push_swap_parsing.o src/push_swap_pivot.o src/push_swap_sort.o src/push_swap_sort_utile.o src/push_swap_atoi_and_nullck.o src/push_swap_command_add.o src/push_swap_command_zip.o src/push_swap_utile.o
#  Implicit rule search has not been done.
#  Modification time never checked.
#  File has not been updated.
#  commands to execute (from `Makefile', line 73):
	$(MAKE) -C $(LIB_DIR)
	$(MAKE) -C $(GNL_DIR)
	$(MAKE) -C $(FPT_DIR)
	$(CC) $(FLAG) -o $@ $^ -L $(LIB_DIR) -lft -L $(GNL_DIR) -lgnl -L $(FPT_DIR) -lftprintf 
	

re: fclean all
#  Phony target (prerequisite of .PHONY).
#  Implicit rule search has not been done.
#  File does not exist.
#  File has not been updated.

clean:
#  Phony target (prerequisite of .PHONY).
#  Implicit rule search has not been done.
#  File does not exist.
#  File has not been updated.
#  commands to execute (from `Makefile', line 82):
	$(MAKE) -C $(LIB_DIR) clean
	$(MAKE) -C $(GNL_DIR) clean
	$(MAKE) -C $(FPT_DIR) clean
	rm -f $(OBJ) $(B_OBJ)
	

src/push_swap_do_op.o: src/push_swap_do_op.c
#  Implicit rule search has been done.
#  Implicit/static pattern stem: `src/push_swap_do_op'
#  Last modified 2022-06-29 16:52:11
#  File has been updated.
#  Successfully updated.
# variable set hash-table stats:
# Load=0/32=0%, Rehash=0, Collisions=0/0=0%
#  commands to execute (from `Makefile', line 79):
	$(CC) $(FLAG) $(INCLUDE) -c $< -o $@
	

push_swap: src/push_swap.o src/push_swap_node.o src/push_swap_stack.o src/push_swap_a_to_b.o src/push_swap_b_to_a.o src/push_swap_do_op.o src/push_swap_node.o src/push_swap_parsing.o src/push_swap_pivot.o src/push_swap_sort.o src/push_swap_sort_utile.o src/push_swap_atoi_and_nullck.o src/push_swap_command_add.o src/push_swap_command_zip.o src/push_swap_utile.o
#  Implicit rule search has not been done.
 
#  Last modified 2022-06-29 16:52:12
#  File has been updated.
#  Successfully updated.
# variable set hash-table stats:
# Load=0/32=0%, Rehash=0, Collisions=0/0=0%
#  commands to execute (from `Makefile', line 68):
	$(MAKE) -C $(LIB_DIR)
	$(MAKE) -C $(FPT_DIR)
	$(CC) $(FLAG) -o $@ $^ -L $(LIB_DIR) -lft -L $(FPT_DIR) -lftprintf
	

# Not a target:
src/push_swap_atoi_and_nullck.c:
#  Implicit rule search has been done.
#  Last modified 2022-06-28 22:39:03
#  File has been updated.
#  Successfully updated.
# variable set hash-table stats:
# Load=0/32=0%, Rehash=0, Collisions=0/0=0%

# Not a target:
src/push_swap_pivot.c:
#  Implicit rule search has been done.
#  Last modified 2022-06-28 22:39:03
#  File has been updated.
#  Successfully updated.
# variable set hash-table stats:
# Load=0/32=0%, Rehash=0, Collisions=0/0=0%

src/push_swap_command_zip.o: src/push_swap_command_zip.c
#  Implicit rule search has been done.
#  Implicit/static pattern stem: `src/push_swap_command_zip'
#  Last modified 2022-06-29 16:52:11
#  File has been updated.
#  Successfully updated.
# variable set hash-table stats:
# Load=0/32=0%, Rehash=0, Collisions=0/0=0%
#  commands to execute (from `Makefile', line 79):
	$(CC) $(FLAG) $(INCLUDE) -c $< -o $@
	

src/push_swap_parsing.o: src/push_swap_parsing.c
#  Implicit rule search has been done.
#  Implicit/static pattern stem: `src/push_swap_parsing'
#  Last modified 2022-06-29 16:52:11
#  File has been updated.
#  Successfully updated.
# variable set hash-table stats:
# Load=0/32=0%, Rehash=0, Collisions=0/0=0%
#  commands to execute (from `Makefile', line 79):
	$(CC) $(FLAG) $(INCLUDE) -c $< -o $@
	

src/push_swap_node.o: src/push_swap_node.c
#  Implicit rule search has been done.
#  Implicit/static pattern stem: `src/push_swap_node'
#  Last modified 2022-06-29 16:52:11
#  File has been updated.
#  Successfully updated.
# variable set hash-table stats:
# Load=0/32=0%, Rehash=0, Collisions=0/0=0%
#  commands to execute (from `Makefile', line 79):
	$(CC) $(FLAG) $(INCLUDE) -c $< -o $@
	

# Not a target:
src/push_swap_stack.c:
#  Implicit rule search has been done.
#  Last modified 2022-06-28 22:39:03
#  File has been updated.
#  Successfully updated.
# variable set hash-table stats:
# Load=0/32=0%, Rehash=0, Collisions=0/0=0%

# files hash-table stats:
# Load=40/1024=4%, Rehash=0, Collisions=6/135=4%
# VPATH Search Paths

# No `vpath' search paths.

# No general (`VPATH' variable) search path.

# # of strings in strcache: 1
# # of strcache buffers: 1
# strcache size: total = 4096 / max = 4096 / min = 4096 / avg = 4096
# strcache free: total = 4087 / max = 4087 / min = 4087 / avg = 4087

# Finished Make data base on Wed Jun 29 16:52:16 2022

 
